Rita started using rita.A
ZoneManager: started using zonemanager.A
Zone get_config(): ZONE_NAME is East Road IN
Zone started!! zone/east_road_in, EB: tfc.zone.east_road_in
Zone get_config(): ZONE_NAME is East Road OUT
Zone started!! zone/east_road_out, EB: tfc.zone.east_road_out
Zone get_config(): ZONE_NAME is Histon Road IN
Zone started!! zone/histon_road_in, EB: tfc.zone.histon_road_in
Zone get_config(): ZONE_NAME is Histon Road OUT
Zone started!! zone/histon_road_out, EB: tfc.zone.histon_road_out
Zone get_config(): ZONE_NAME is Madingley Road IN
Zone started!! zone/madingley_road_in, EB: tfc.zone.madingley_road_in
Zone get_config(): ZONE_NAME is Madingley Road OUT
Zone started!! zone/madingley_road_out, EB: tfc.zone.madingley_road_out
Zone get_config(): ZONE_NAME is Newmarket Road IN
Zone started!! zone/newmarket_road_in, EB: tfc.zone.newmarket_road_in
Zone get_config(): ZONE_NAME is Newmarket Road OUT
Zone started!! zone/newmarket_road_out, EB: tfc.zone.newmarket_road_out
Zone get_config(): ZONE_NAME is Trumpington Road IN
Zone started!! zone/trumpington_road_in, EB: tfc.zone.trumpington_road_in
Zone get_config(): ZONE_NAME is Trumpington Road OUT
Zone started!! zone/trumpington_road_out, EB: tfc.zone.trumpington_road_out
Zone get_config(): ZONE_NAME is Hills Road OUT
Zone started!! zone/hills_road_out, EB: tfc.zone.hills_road_out
Zone get_config(): ZONE_NAME is Huntingdon Road OUT
Zone started!! zone/huntingdon_road_out, EB: tfc.zone.huntingdon_road_out
Zone get_config(): ZONE_NAME is Milton Road OUT
Zone started!! zone/milton_road_out, EB: tfc.zone.milton_road_out
Zone get_config(): ZONE_NAME is The Backs SOUTH
Zone started!! zone/the_backs_south, EB: tfc.zone.the_backs_south
Zone get_config(): ZONE_NAME is Hills Road IN
Zone started!! zone/hills_road_in, EB: tfc.zone.hills_road_in
Zone get_config(): ZONE_NAME is Huntingdon Road IN
Zone started!! zone/huntingdon_road_in, EB: tfc.zone.huntingdon_road_in
Zone get_config(): ZONE_NAME is Milton Road IN
Zone started!! zone/milton_road_in, EB: tfc.zone.milton_road_in
Zone get_config(): ZONE_NAME is The Backs NORTH
Zone started!! zone/the_backs_north, EB: tfc.zone.the_backs_north
Zone feed_vehicle (1010 records): 1458757855_2016-03-23-18-30-55
Zone 1010 records in vehicles HashMap)
Zone feed_vehicle (1010 records): 1458757855_2016-03-23-18-30-55
Zone feed_vehicle (1010 records): 1458757855_2016-03-23-18-30-55
Zone 1010 records in vehicles HashMap)
Zone 1010 records in vehicles HashMap)
Zone feed_vehicle (1010 records): 1458757855_2016-03-23-18-30-55
Zone feed_vehicle (1010 records): 1458757855_2016-03-23-18-30-55
Zone 1010 records in vehicles HashMap)
Zone 1010 records in vehicles HashMap)
Zone feed_vehicle (1010 records): 1458757855_2016-03-23-18-30-55
Zone 1010 records in vehicles HashMap)
Zone feed_vehicle (1010 records): 1458757855_2016-03-23-18-30-55
Zone 1010 records in vehicles HashMap)
Zone feed_vehicle (1010 records): 1458757855_2016-03-23-18-30-55
Zone 1010 records in vehicles HashMap)
Zone feed_vehicle (1010 records): 1458757855_2016-03-23-18-30-55
Zone 1010 records in vehicles HashMap)
Zone feed_vehicle (1010 records): 1458757855_2016-03-23-18-30-55
Zone feed_vehicle (1010 records): 1458757855_2016-03-23-18-30-55
Zone feed_vehicle (1010 records): 1458757855_2016-03-23-18-30-55
Zone feed_vehicle (1010 records): 1458757855_2016-03-23-18-30-55
Zone 1010 records in vehicles HashMap)
Zone 1010 records in vehicles HashMap)
Zone 1010 records in vehicles HashMap)
Zone 1010 records in vehicles HashMap)
Zone feed_vehicle (1010 records): 1458757855_2016-03-23-18-30-55
Zone 1010 records in vehicles HashMap)
Zone feed_vehicle (1010 records): 1458757855_2016-03-23-18-30-55
Zone 1010 records in vehicles HashMap)
Zone feed_vehicle (1010 records): 1458757855_2016-03-23-18-30-55
Zone 1010 records in vehicles HashMap)
Zone feed_vehicle (1010 records): 1458757855_2016-03-23-18-30-55
Zone 1010 records in vehicles HashMap)
Zone feed_vehicle (1010 records): 1458757855_2016-03-23-18-30-55
Zone 1010 records in vehicles HashMap)
Zone feed_vehicle (1013 records): 1458757885_2016-03-23-18-31-25
Zone feed_vehicle (1013 records): 1458757885_2016-03-23-18-31-25
Zone: vehicle_id(308) early exit zone Hills Road IN
Zone: vehicle_id(316) early exit zone Hills Road IN
Zone 1014 records in vehicles HashMap)
Zone feed_vehicle (1013 records): 1458757885_2016-03-23-18-31-25
Zone feed_vehicle (1013 records): 1458757885_2016-03-23-18-31-25
Zone: vehicle_id(3050) early entry into zone Hills Road OUT
Zone: Hills Road IN vehicle_id(3050) clean start at 18:30:32
Zone: vehicle_id(14081) early exit zone Hills Road IN
Zone: vehicle_id(14113) early exit zone Hills Road IN
Zone: vehicle_id(14121) early exit zone Hills Road IN
Zone 1014 records in vehicles HashMap)
Zone: vehicle_id(14088) early entry into zone Hills Road OUT
Zone 1014 records in vehicles HashMap)
Zone: vehicle_id(14113) early exit zone Hills Road OUT
Zone: vehicle_id(14115) early entry into zone Hills Road OUT
Zone: vehicle_id(14121) early exit zone Hills Road OUT
Zone 1014 records in vehicles HashMap)
Zone feed_vehicle (1013 records): 1458757885_2016-03-23-18-31-25
Zone 1014 records in vehicles HashMap)
Zone feed_vehicle (1013 records): 1458757885_2016-03-23-18-31-25
Zone: Huntingdon Road IN vehicle_id(1014) clean exit (no start) at 18:30:58
Zone: Huntingdon Road IN vehicle_id(14384) clean exit (no start) at 18:30:50
Zone 1014 records in vehicles HashMap)
Zone feed_vehicle (1013 records): 1458757885_2016-03-23-18-31-25
Zone: vehicle_id(1014) early exit zone Huntingdon Road OUT
Zone feed_vehicle (1013 records): 1458757885_2016-03-23-18-31-25
Zone: vehicle_id(14384) early exit zone Huntingdon Road OUT
Zone 1014 records in vehicles HashMap)
Zone 1014 records in vehicles HashMap)
Zone feed_vehicle (1013 records): 1458757885_2016-03-23-18-31-25
Zone: vehicle_id(3055) early entry into zone Milton Road IN
Zone feed_vehicle (1013 records): 1458757885_2016-03-23-18-31-25
Zone feed_vehicle (1013 records): 1458757885_2016-03-23-18-31-25
Zone 1014 records in vehicles HashMap)
Zone 1014 records in vehicles HashMap)
Zone feed_vehicle (1013 records): 1458757885_2016-03-23-18-31-25
Zone: Milton Road OUT vehicle_id(3055) clean start at 18:31:05
Zone: Milton Road OUT vehicle_id(3536) clean start at 18:30:46
Zone 1014 records in vehicles HashMap)
Zone 1014 records in vehicles HashMap)
Zone feed_vehicle (1013 records): 1458757885_2016-03-23-18-31-25
Zone 1014 records in vehicles HashMap)
Zone feed_vehicle (1013 records): 1458757885_2016-03-23-18-31-25
Zone 1014 records in vehicles HashMap)
Zone feed_vehicle (1013 records): 1458757885_2016-03-23-18-31-25
Zone 1014 records in vehicles HashMap)
Zone feed_vehicle (1013 records): 1458757885_2016-03-23-18-31-25
Zone 1014 records in vehicles HashMap)
Zone feed_vehicle (1013 records): 1458757885_2016-03-23-18-31-25
Zone: vehicle_id(385) early exit zone Trumpington Road OUT
Zone: vehicle_id(3048) early entry into zone Trumpington Road OUT
Zone feed_vehicle (1013 records): 1458757885_2016-03-23-18-31-25
Zone: Trumpington Road IN vehicle_id(385) clean exit (no start) at 18:31:02
Zone: Trumpington Road IN vehicle_id(3048) clean start at 18:30:42
Zone: vehicle_id(14086) early entry into zone Trumpington Road OUT
Zone: vehicle_id(14304) early exit zone Trumpington Road OUT
Zone 1014 records in vehicles HashMap)
Zone: Trumpington Road IN vehicle_id(14086) clean start at 18:30:36
Zone: Trumpington Road IN vehicle_id(14304) clean exit (no start) at 18:31:04
Zone 1014 records in vehicles HashMap)
Zone feed_vehicle (1009 records): 1458757915_2016-03-23-18-31-55
Zone 1017 records in vehicles HashMap)
Zone feed_vehicle (1009 records): 1458757915_2016-03-23-18-31-55
Zone feed_vehicle (1009 records): 1458757915_2016-03-23-18-31-55
Zone: vehicle_id(308) early exit zone Hills Road OUT
Zone: vehicle_id(316) early exit zone Hills Road OUT
Zone: vehicle_id(14115) early entry into zone Hills Road IN
Zone 1017 records in vehicles HashMap)
Zone feed_vehicle (1009 records): 1458757915_2016-03-23-18-31-55
Zone 1017 records in vehicles HashMap)
Zone 1017 records in vehicles HashMap)
Zone feed_vehicle (1009 records): 1458757915_2016-03-23-18-31-55
Zone 1017 records in vehicles HashMap)
Zone feed_vehicle (1009 records): 1458757915_2016-03-23-18-31-55
Zone 1017 records in vehicles HashMap)
Zone feed_vehicle (1009 records): 1458757915_2016-03-23-18-31-55
Zone 1017 records in vehicles HashMap)
Zone feed_vehicle (1009 records): 1458757915_2016-03-23-18-31-55
Zone 1017 records in vehicles HashMap)
Zone feed_vehicle (1009 records): 1458757915_2016-03-23-18-31-55
Zone: vehicle_id(312) early exit zone Madingley Road OUT
Zone: vehicle_id(14117) early exit zone Madingley Road OUT
Zone 1017 records in vehicles HashMap)
Zone feed_vehicle (1009 records): 1458757915_2016-03-23-18-31-55
Zone: vehicle_id(3007) early exit zone Milton Road IN
Zone: vehicle_id(14227) early exit zone Milton Road IN
Zone 1017 records in vehicles HashMap)
Zone feed_vehicle (1009 records): 1458757915_2016-03-23-18-31-55
Zone feed_vehicle (1009 records): 1458757915_2016-03-23-18-31-55
Zone: vehicle_id(3057) early exit zone Newmarket Road OUT
Zone: vehicle_id(3007) early exit zone Milton Road OUT
Zone 1017 records in vehicles HashMap)
Zone feed_vehicle (1009 records): 1458757915_2016-03-23-18-31-55
Zone 1017 records in vehicles HashMap)
Zone feed_vehicle (1009 records): 1458757915_2016-03-23-18-31-55
Zone: Madingley Road IN vehicle_id(312) clean exit (no start) at 18:31:13
Zone: Madingley Road IN vehicle_id(14117) clean exit (no start) at 18:31:10
Zone 1017 records in vehicles HashMap)
Zone: vehicle_id(3558) early exit zone The Backs NORTH
Zone: vehicle_id(14043) early exit zone The Backs NORTH
Zone 1017 records in vehicles HashMap)
Zone feed_vehicle (1009 records): 1458757915_2016-03-23-18-31-55
Zone 1017 records in vehicles HashMap)
Zone feed_vehicle (1009 records): 1458757915_2016-03-23-18-31-55
Zone: Newmarket Road IN vehicle_id(3057) clean exit (no start) at 18:31:34
Zone 1017 records in vehicles HashMap)
Zone feed_vehicle (1009 records): 1458757915_2016-03-23-18-31-55
Zone: vehicle_id(3558) early exit zone The Backs SOUTH
Zone: vehicle_id(14043) early exit zone The Backs SOUTH
Zone 1017 records in vehicles HashMap)
Zone feed_vehicle (1009 records): 1458757915_2016-03-23-18-31-55
Zone 1017 records in vehicles HashMap)
Zone feed_vehicle (1009 records): 1458757946_2016-03-23-18-32-26
Zone 1018 records in vehicles HashMap)
Zone feed_vehicle (1009 records): 1458757946_2016-03-23-18-32-26
Zone 1018 records in vehicles HashMap)
Zone feed_vehicle (1009 records): 1458757946_2016-03-23-18-32-26
Zone: vehicle_id(800) early entry into zone Hills Road IN
Zone: Hills Road IN vehicle_id(14044) clean exit (no start) at 18:31:51
Zone feed_vehicle (1009 records): 1458757946_2016-03-23-18-32-26
Zone: vehicle_id(800) early entry into zone Hills Road OUT
Zone: vehicle_id(14044) early exit zone Hills Road OUT
Zone: vehicle_id(14391) early entry into zone Hills Road OUT
Zone 1018 records in vehicles HashMap)
Zone feed_vehicle (1009 records): 1458757946_2016-03-23-18-32-26
Zone 1018 records in vehicles HashMap)
Zone: vehicle_id(14391) early entry into zone Hills Road IN
Zone 1018 records in vehicles HashMap)
Zone feed_vehicle (1009 records): 1458757946_2016-03-23-18-32-26
Zone 1018 records in vehicles HashMap)
Zone feed_vehicle (1009 records): 1458757946_2016-03-23-18-32-26
Zone 1018 records in vehicles HashMap)
Zone feed_vehicle (1009 records): 1458757946_2016-03-23-18-32-26
Zone feed_vehicle (1009 records): 1458757946_2016-03-23-18-32-26
Zone 1018 records in vehicles HashMap)
Zone feed_vehicle (1009 records): 1458757946_2016-03-23-18-32-26
Zone 1018 records in vehicles HashMap)
Zone 1018 records in vehicles HashMap)
Zone feed_vehicle (1009 records): 1458757946_2016-03-23-18-32-26
Zone 1018 records in vehicles HashMap)
Zone feed_vehicle (1009 records): 1458757946_2016-03-23-18-32-26
Zone 1018 records in vehicles HashMap)
Zone feed_vehicle (1009 records): 1458757946_2016-03-23-18-32-26
Zone: vehicle_id(3551) early entry into zone Newmarket Road OUT
Zone 1018 records in vehicles HashMap)
Zone feed_vehicle (1009 records): 1458757946_2016-03-23-18-32-26
Zone 1018 records in vehicles HashMap)
Zone feed_vehicle (1009 records): 1458757946_2016-03-23-18-32-26
Zone feed_vehicle (1009 records): 1458757946_2016-03-23-18-32-26
Zone: Newmarket Road IN vehicle_id(3551) clean start at 18:31:39
Zone 1018 records in vehicles HashMap)
Zone 1018 records in vehicles HashMap)
Zone feed_vehicle (1009 records): 1458757946_2016-03-23-18-32-26
Zone 1018 records in vehicles HashMap)
Zone feed_vehicle (1009 records): 1458757946_2016-03-23-18-32-26
Zone 1018 records in vehicles HashMap)
Zone feed_vehicle (1007 records): 1458757975_2016-03-23-18-32-55
Zone 1019 records in vehicles HashMap)
Zone feed_vehicle (1007 records): 1458757975_2016-03-23-18-32-55
Zone: Hills Road OUT vehicle_id(387) clean exit (no start) at 18:32:33
Zone: Hills Road OUT vehicle_id(3542) clean exit (no start) at 18:32:20
Zone: vehicle_id(3559) early exit zone Hills Road OUT
Zone: Hills Road OUT vehicle_id(14018) clean exit (no start) at 18:32:17
Zone: Hills Road OUT vehicle_id(14302) clean exit (no start) at 18:32:29
Zone 1019 records in vehicles HashMap)
Zone feed_vehicle (1007 records): 1458757975_2016-03-23-18-32-55
Zone feed_vehicle (1007 records): 1458757975_2016-03-23-18-32-55
Zone 1019 records in vehicles HashMap)
Zone: vehicle_id(3542) early exit zone Hills Road IN
Zone: Hills Road IN vehicle_id(3559) clean exit (no start) at 18:32:21
Zone: vehicle_id(14018) early exit zone Hills Road IN
Zone 1019 records in vehicles HashMap)
Zone feed_vehicle (1007 records): 1458757975_2016-03-23-18-32-55
Zone 1019 records in vehicles HashMap)
Zone feed_vehicle (1007 records): 1458757975_2016-03-23-18-32-55
Zone 1019 records in vehicles HashMap)
Zone feed_vehicle (1007 records): 1458757975_2016-03-23-18-32-55
Zone: Huntingdon Road OUT vehicle_id(343) clean start at 18:32:21
Zone: vehicle_id(3134) early exit zone Huntingdon Road OUT
Zone: Huntingdon Road OUT vehicle_id(14148) clean start at 18:32:19
Zone: vehicle_id(14254) early exit zone Huntingdon Road OUT
Zone 1019 records in vehicles HashMap)
Zone feed_vehicle (1007 records): 1458757975_2016-03-23-18-32-55
Zone: vehicle_id(343) early entry into zone Huntingdon Road IN
Zone: Huntingdon Road IN vehicle_id(3134) clean exit (no start) at 18:32:24
Zone: vehicle_id(14148) early entry into zone Huntingdon Road IN
Zone: Huntingdon Road IN vehicle_id(14254) clean exit (no start) at 18:32:22
Zone 1019 records in vehicles HashMap)
Zone feed_vehicle (1007 records): 1458757975_2016-03-23-18-32-55
Zone feed_vehicle (1007 records): 1458757975_2016-03-23-18-32-55
Zone 1019 records in vehicles HashMap)
Zone feed_vehicle (1007 records): 1458757975_2016-03-23-18-32-55
Zone feed_vehicle (1007 records): 1458757975_2016-03-23-18-32-55
Zone 1019 records in vehicles HashMap)
Zone 1019 records in vehicles HashMap)
Zone: vehicle_id(3064) early exit zone Milton Road IN
Zone: vehicle_id(14102) early exit zone Milton Road IN
Zone 1019 records in vehicles HashMap)
Zone feed_vehicle (1007 records): 1458757975_2016-03-23-18-32-55
Zone: vehicle_id(14185) early entry into zone Newmarket Road OUT
Zone 1019 records in vehicles HashMap)
Zone feed_vehicle (1007 records): 1458757975_2016-03-23-18-32-55
Zone feed_vehicle (1007 records): 1458757975_2016-03-23-18-32-55
Zone: Newmarket Road IN vehicle_id(14185) clean start at 18:31:42
Zone 1019 records in vehicles HashMap)
Zone 1019 records in vehicles HashMap)
Zone feed_vehicle (1007 records): 1458757975_2016-03-23-18-32-55
Zone 1019 records in vehicles HashMap)
Zone feed_vehicle (1007 records): 1458757975_2016-03-23-18-32-55
Zone 1019 records in vehicles HashMap)
Zone feed_vehicle (1007 records): 1458757975_2016-03-23-18-32-55
Zone 1019 records in vehicles HashMap)
Zone feed_vehicle (1004 records): 1458758005_2016-03-23-18-33-25
Zone: East Road IN vehicle_id(3057) clean start at 18:32:44
Zone: East Road IN vehicle_id(14098) clean start at 18:33:07
Zone 1019 records in vehicles HashMap)
Zone feed_vehicle (1004 records): 1458758005_2016-03-23-18-33-25
Zone 1019 records in vehicles HashMap)
Zone feed_vehicle (1004 records): 1458758005_2016-03-23-18-33-25
Zone: vehicle_id(3057) early entry into zone East Road OUT
Zone: vehicle_id(14098) early entry into zone East Road OUT
Zone 1019 records in vehicles HashMap)
Zone feed_vehicle (1004 records): 1458758005_2016-03-23-18-33-25
Zone feed_vehicle (1004 records): 1458758005_2016-03-23-18-33-25
Zone: vehicle_id(308) early entry into zone Hills Road OUT
Zone: vehicle_id(14097) early exit zone Hills Road OUT
Zone: vehicle_id(14113) early entry into zone Hills Road OUT
Zone 1019 records in vehicles HashMap)
Zone: vehicle_id(308) early entry into zone Hills Road IN
Zone: vehicle_id(387) early exit zone Hills Road IN
Zone: vehicle_id(14097) early exit zone Hills Road IN
Zone: vehicle_id(14113) early entry into zone Hills Road IN
Zone: vehicle_id(14302) early exit zone Hills Road IN
Zone 1019 records in vehicles HashMap)
Zone feed_vehicle (1004 records): 1458758005_2016-03-23-18-33-25
Zone feed_vehicle (1004 records): 1458758005_2016-03-23-18-33-25
Zone 1019 records in vehicles HashMap)
Zone feed_vehicle (1004 records): 1458758005_2016-03-23-18-33-25
Zone 1019 records in vehicles HashMap)
Zone 1019 records in vehicles HashMap)
Zone feed_vehicle (1004 records): 1458758005_2016-03-23-18-33-25
Zone 1019 records in vehicles HashMap)
Zone feed_vehicle (1004 records): 1458758005_2016-03-23-18-33-25
Zone 1019 records in vehicles HashMap)
Zone feed_vehicle (1004 records): 1458758005_2016-03-23-18-33-25
Zone: Milton Road OUT vehicle_id(14102) clean exit (no start) at 18:32:49
Zone 1019 records in vehicles HashMap)
Zone feed_vehicle (1004 records): 1458758005_2016-03-23-18-33-25
Zone 1019 records in vehicles HashMap)
Zone feed_vehicle (1004 records): 1458758005_2016-03-23-18-33-25
Zone 1019 records in vehicles HashMap)
Zone feed_vehicle (1004 records): 1458758005_2016-03-23-18-33-25
Zone feed_vehicle (1004 records): 1458758005_2016-03-23-18-33-25
Zone 1019 records in vehicles HashMap)
Zone feed_vehicle (1004 records): 1458758005_2016-03-23-18-33-25
Zone 1019 records in vehicles HashMap)
Zone feed_vehicle (1004 records): 1458758005_2016-03-23-18-33-25
Zone 1019 records in vehicles HashMap)
Zone 1019 records in vehicles HashMap)
Zone feed_vehicle (1004 records): 1458758005_2016-03-23-18-33-25
Zone 1019 records in vehicles HashMap)
Zone feed_vehicle (1001 records): 1458758035_2016-03-23-18-33-55
Zone feed_vehicle (1001 records): 1458758035_2016-03-23-18-33-55
Zone: vehicle_id(302) early exit zone Hills Road IN
Zone: vehicle_id(3059) early exit zone Hills Road IN
Zone: vehicle_id(3059) early exit zone Hills Road OUT
Zone: vehicle_id(14108) early exit zone Hills Road OUT
Zone: vehicle_id(14108) early exit zone Hills Road IN
Zone: vehicle_id(14153) early exit zone Hills Road OUT
Zone: vehicle_id(14153) early exit zone Hills Road IN
Zone feed_vehicle (1001 records): 1458758035_2016-03-23-18-33-55
Zone: vehicle_id(3060) early entry into zone East Road OUT
Zone 1019 records in vehicles HashMap)
Zone 1019 records in vehicles HashMap)
Zone: East Road OUT vehicle_id(3106) clean start at 18:33:15
Zone: East Road OUT vehicle_id(14094) clean exit (no start) at 18:33:45
Zone: East Road OUT vehicle_id(14104) clean start at 18:33:14
Zone 1019 records in vehicles HashMap)
Zone feed_vehicle (1001 records): 1458758035_2016-03-23-18-33-55
Zone feed_vehicle (1001 records): 1458758035_2016-03-23-18-33-55
Zone 1019 records in vehicles HashMap)
Zone: East Road IN vehicle_id(3060) clean start at 18:33:11
Zone feed_vehicle (1001 records): 1458758035_2016-03-23-18-33-55
Zone: vehicle_id(3106) early entry into zone East Road IN
Zone: vehicle_id(14094) early exit zone East Road IN
Zone: vehicle_id(14104) early entry into zone East Road IN
Zone 1019 records in vehicles HashMap)
Zone 1019 records in vehicles HashMap)
Zone feed_vehicle (1001 records): 1458758035_2016-03-23-18-33-55
Zone 1019 records in vehicles HashMap)
Zone feed_vehicle (1001 records): 1458758035_2016-03-23-18-33-55
Zone feed_vehicle (1001 records): 1458758035_2016-03-23-18-33-55
Zone 1019 records in vehicles HashMap)
Zone feed_vehicle (1001 records): 1458758035_2016-03-23-18-33-55
Zone: Milton Road OUT vehicle_id(3064) clean exit (no start) at 18:33:05
Zone: Milton Road OUT vehicle_id(14227) clean exit (no start) at 18:33:19
Zone 1019 records in vehicles HashMap)
Zone feed_vehicle (1001 records): 1458758035_2016-03-23-18-33-55
Zone 1019 records in vehicles HashMap)
Zone 1019 records in vehicles HashMap)
Zone feed_vehicle (1001 records): 1458758035_2016-03-23-18-33-55
Zone 1019 records in vehicles HashMap)
Zone feed_vehicle (1001 records): 1458758035_2016-03-23-18-33-55
Zone 1019 records in vehicles HashMap)
Zone feed_vehicle (1001 records): 1458758035_2016-03-23-18-33-55
Zone 1019 records in vehicles HashMap)
Zone feed_vehicle (1001 records): 1458758035_2016-03-23-18-33-55
Zone 1019 records in vehicles HashMap)
Zone feed_vehicle (1001 records): 1458758035_2016-03-23-18-33-55
Zone 1019 records in vehicles HashMap)
Zone feed_vehicle (1001 records): 1458758035_2016-03-23-18-33-55
Zone 1019 records in vehicles HashMap)
Zone feed_vehicle (1001 records): 1458758035_2016-03-23-18-33-55
Zone 1019 records in vehicles HashMap)
Zone feed_vehicle (997 records): 1458758065_2016-03-23-18-34-25
Zone: vehicle_id(302) early exit zone Hills Road OUT
Zone: vehicle_id(305) early entry into zone Hills Road OUT
Zone: vehicle_id(348) early exit zone Hills Road OUT
Zone: vehicle_id(14037) early exit zone Hills Road OUT
Zone 1020 records in vehicles HashMap)
Zone feed_vehicle (997 records): 1458758065_2016-03-23-18-34-25
Zone: East Road OUT vehicle_id(3056) clean exit (no start) at 18:33:49
Zone 1020 records in vehicles HashMap)
Zone feed_vehicle (997 records): 1458758065_2016-03-23-18-34-25
Zone: Hills Road IN vehicle_id(305) clean start at 18:33:34
Zone: vehicle_id(348) early exit zone Hills Road IN
Zone: Hills Road IN vehicle_id(14037) clean exit (no start) at 18:34:09
Zone 1020 records in vehicles HashMap)
Zone feed_vehicle (997 records): 1458758065_2016-03-23-18-34-25
Zone: vehicle_id(3056) early exit zone East Road IN
Zone 1020 records in vehicles HashMap)
Zone feed_vehicle (997 records): 1458758065_2016-03-23-18-34-25
Zone 1020 records in vehicles HashMap)
Zone feed_vehicle (997 records): 1458758065_2016-03-23-18-34-25
Zone feed_vehicle (997 records): 1458758065_2016-03-23-18-34-25
Zone 1020 records in vehicles HashMap)
Zone 1020 records in vehicles HashMap)
Zone feed_vehicle (997 records): 1458758065_2016-03-23-18-34-25
Zone 1020 records in vehicles HashMap)
Zone feed_vehicle (997 records): 1458758065_2016-03-23-18-34-25
Zone: vehicle_id(389) early entry into zone Madingley Road OUT
Zone feed_vehicle (997 records): 1458758065_2016-03-23-18-34-25
Zone 1020 records in vehicles HashMap)
Zone: vehicle_id(14303) early entry into zone Madingley Road OUT
Zone 1020 records in vehicles HashMap)
Zone feed_vehicle (997 records): 1458758065_2016-03-23-18-34-25
Zone feed_vehicle (997 records): 1458758065_2016-03-23-18-34-25
Zone 1020 records in vehicles HashMap)
Zone: vehicle_id(389) early entry into zone Madingley Road IN
Zone: vehicle_id(14303) early entry into zone Madingley Road IN
Zone 1020 records in vehicles HashMap)
Zone feed_vehicle (997 records): 1458758065_2016-03-23-18-34-25
Zone feed_vehicle (997 records): 1458758065_2016-03-23-18-34-25
Zone feed_vehicle (997 records): 1458758065_2016-03-23-18-34-25
Zone 1020 records in vehicles HashMap)
Zone feed_vehicle (997 records): 1458758065_2016-03-23-18-34-25
Zone 1020 records in vehicles HashMap)
Zone 1020 records in vehicles HashMap)
Zone 1020 records in vehicles HashMap)
Zone feed_vehicle (997 records): 1458758065_2016-03-23-18-34-25
Zone: Trumpington Road OUT vehicle_id(3047) clean start at 18:33:58
Zone: Trumpington Road OUT vehicle_id(14085) clean start at 18:33:55
Zone 1020 records in vehicles HashMap)
Zone feed_vehicle (997 records): 1458758065_2016-03-23-18-34-25
Zone: vehicle_id(3047) early entry into zone Trumpington Road IN
Zone: vehicle_id(14085) early entry into zone Trumpington Road IN
Zone 1020 records in vehicles HashMap)
Zone feed_vehicle (987 records): 1458758095_2016-03-23-18-34-55
Zone: vehicle_id(14044) early entry into zone East Road IN
Zone 1020 records in vehicles HashMap)
Zone feed_vehicle (987 records): 1458758095_2016-03-23-18-34-55
Zone 1020 records in vehicles HashMap)
Zone feed_vehicle (987 records): 1458758095_2016-03-23-18-34-55
Zone: East Road OUT vehicle_id(14044) clean start at 18:34:39
Zone 1020 records in vehicles HashMap)
Zone feed_vehicle (987 records): 1458758095_2016-03-23-18-34-55
Zone 1020 records in vehicles HashMap)
Zone feed_vehicle (987 records): 1458758095_2016-03-23-18-34-55
Zone 1020 records in vehicles HashMap)
Zone feed_vehicle (987 records): 1458758095_2016-03-23-18-34-55
Zone 1020 records in vehicles HashMap)
Zone feed_vehicle (987 records): 1458758095_2016-03-23-18-34-55
Zone 1020 records in vehicles HashMap)
Zone feed_vehicle (987 records): 1458758095_2016-03-23-18-34-55
Zone: vehicle_id(3552) early entry into zone Huntingdon Road IN
Zone: vehicle_id(14186) early entry into zone Huntingdon Road IN
Zone 1020 records in vehicles HashMap)
Zone feed_vehicle (987 records): 1458758095_2016-03-23-18-34-55
Zone 1020 records in vehicles HashMap)
Zone feed_vehicle (987 records): 1458758095_2016-03-23-18-34-55
Zone feed_vehicle (987 records): 1458758095_2016-03-23-18-34-55
Zone 1020 records in vehicles HashMap)
Zone feed_vehicle (987 records): 1458758095_2016-03-23-18-34-55
Zone 1020 records in vehicles HashMap)
Zone feed_vehicle (987 records): 1458758095_2016-03-23-18-34-55
Zone 1020 records in vehicles HashMap)
Zone: Huntingdon Road OUT vehicle_id(3552) clean start at 18:34:30
Zone: Huntingdon Road OUT vehicle_id(14186) clean start at 18:34:23
Zone 1020 records in vehicles HashMap)
Zone feed_vehicle (987 records): 1458758095_2016-03-23-18-34-55
Zone 1020 records in vehicles HashMap)
Zone feed_vehicle (987 records): 1458758095_2016-03-23-18-34-55
Zone feed_vehicle (987 records): 1458758095_2016-03-23-18-34-55
Zone 1020 records in vehicles HashMap)
Zone 1020 records in vehicles HashMap)
Zone feed_vehicle (987 records): 1458758095_2016-03-23-18-34-55
Zone 1020 records in vehicles HashMap)
Zone feed_vehicle (987 records): 1458758095_2016-03-23-18-34-55
Zone 1020 records in vehicles HashMap)
Zone feed_vehicle (985 records): 1458758125_2016-03-23-18-35-25
Zone feed_vehicle (985 records): 1458758125_2016-03-23-18-35-25
Zone: vehicle_id(3049) early entry into zone East Road IN
Zone: vehicle_id(14087) early entry into zone East Road IN
Zone 1020 records in vehicles HashMap)
Zone feed_vehicle (985 records): 1458758125_2016-03-23-18-35-25
Zone: East Road OUT vehicle_id(3049) clean start at 18:34:40
Zone: East Road OUT vehicle_id(14087) clean start at 18:34:36
Zone 1020 records in vehicles HashMap)
Zone: vehicle_id(3537) early entry into zone Hills Road IN
Zone: vehicle_id(14013) early entry into zone Hills Road IN
Zone 1020 records in vehicles HashMap)
Zone feed_vehicle (985 records): 1458758125_2016-03-23-18-35-25
Zone feed_vehicle (985 records): 1458758125_2016-03-23-18-35-25
Zone 1020 records in vehicles HashMap)
Zone feed_vehicle (985 records): 1458758125_2016-03-23-18-35-25
Zone: vehicle_id(3059) early entry into zone Hills Road OUT
Zone: Hills Road OUT vehicle_id(3537) clean start at 18:34:51
Zone: Hills Road OUT vehicle_id(14013) clean start at 18:34:49
Zone: Hills Road OUT vehicle_id(14115) clean exit (no start) at 18:35:05
Zone 1020 records in vehicles HashMap)
Zone feed_vehicle (985 records): 1458758125_2016-03-23-18-35-25
Zone 1020 records in vehicles HashMap)
Zone 1020 records in vehicles HashMap)
Zone feed_vehicle (985 records): 1458758125_2016-03-23-18-35-25
Zone feed_vehicle (985 records): 1458758125_2016-03-23-18-35-25
Zone 1020 records in vehicles HashMap)
Zone feed_vehicle (985 records): 1458758125_2016-03-23-18-35-25
Zone: vehicle_id(17) early entry into zone Madingley Road IN
Zone 1020 records in vehicles HashMap)
Zone: Madingley Road OUT vehicle_id(17) clean start at 18:34:31
Zone 1020 records in vehicles HashMap)
Zone feed_vehicle (985 records): 1458758125_2016-03-23-18-35-25
Zone: vehicle_id(805) early exit zone Milton Road IN
Zone: vehicle_id(14394) early exit zone Milton Road IN
Zone 1020 records in vehicles HashMap)
Zone feed_vehicle (985 records): 1458758125_2016-03-23-18-35-25
Zone: Newmarket Road OUT vehicle_id(3056) clean start at 18:35:03
Zone: Newmarket Road OUT vehicle_id(14094) clean start at 18:35:00
Zone 1020 records in vehicles HashMap)
Zone feed_vehicle (985 records): 1458758125_2016-03-23-18-35-25
Zone: vehicle_id(14304) early entry into zone The Backs NORTH
Zone 1020 records in vehicles HashMap)
Zone feed_vehicle (985 records): 1458758125_2016-03-23-18-35-25
Zone: vehicle_id(3056) early entry into zone Newmarket Road IN
Zone: vehicle_id(14094) early entry into zone Newmarket Road IN
Zone 1020 records in vehicles HashMap)
Zone feed_vehicle (985 records): 1458758125_2016-03-23-18-35-25
Zone: vehicle_id(805) early exit zone Milton Road OUT
Zone: vehicle_id(14394) early exit zone Milton Road OUT
Zone 1020 records in vehicles HashMap)
Zone feed_vehicle (985 records): 1458758125_2016-03-23-18-35-25
Zone 1020 records in vehicles HashMap)
Zone feed_vehicle (985 records): 1458758125_2016-03-23-18-35-25
Zone 1020 records in vehicles HashMap)
Zone feed_vehicle (985 records): 1458758125_2016-03-23-18-35-25
Zone: vehicle_id(14304) early entry into zone The Backs SOUTH
Zone 1020 records in vehicles HashMap)
Zone feed_vehicle (984 records): 1458758155_2016-03-23-18-35-55
Zone: vehicle_id(316) early entry into zone Hills Road OUT
Zone: vehicle_id(14107) early exit zone Hills Road OUT
Zone: vehicle_id(14108) early entry into zone Hills Road OUT
Zone: vehicle_id(14110) early entry into zone Hills Road OUT
Zone feed_vehicle (984 records): 1458758155_2016-03-23-18-35-55
Zone: vehicle_id(14391) early exit zone Hills Road OUT
Zone 1021 records in vehicles HashMap)
Zone feed_vehicle (984 records): 1458758155_2016-03-23-18-35-55
Zone: vehicle_id(3559) early entry into zone East Road IN
Zone 1021 records in vehicles HashMap)
Zone: East Road OUT vehicle_id(3559) clean start at 18:34:49
Zone 1021 records in vehicles HashMap)
Zone feed_vehicle (984 records): 1458758155_2016-03-23-18-35-55
Zone: vehicle_id(316) early entry into zone Hills Road IN
Zone: vehicle_id(3059) early entry into zone Hills Road IN
Zone: vehicle_id(14107) early exit zone Hills Road IN
Zone: vehicle_id(14108) early entry into zone Hills Road IN
Zone: vehicle_id(14110) early entry into zone Hills Road IN
Zone: vehicle_id(14115) early exit zone Hills Road IN
Zone: Hills Road IN vehicle_id(14391) clean exit (no start) at 18:35:14
Zone 1021 records in vehicles HashMap)
Zone feed_vehicle (984 records): 1458758155_2016-03-23-18-35-55
Zone 1021 records in vehicles HashMap)
Zone feed_vehicle (984 records): 1458758155_2016-03-23-18-35-55
Zone feed_vehicle (984 records): 1458758155_2016-03-23-18-35-55
Zone 1021 records in vehicles HashMap)
Zone 1021 records in vehicles HashMap)
Zone feed_vehicle (984 records): 1458758155_2016-03-23-18-35-55
Zone 1021 records in vehicles HashMap)
Zone feed_vehicle (984 records): 1458758155_2016-03-23-18-35-55
Zone 1021 records in vehicles HashMap)
Zone feed_vehicle (984 records): 1458758155_2016-03-23-18-35-55
Zone: Madingley Road IN vehicle_id(14303) clean exit (no start) at 18:35:38
Zone 1021 records in vehicles HashMap)
Zone feed_vehicle (984 records): 1458758155_2016-03-23-18-35-55
Zone: vehicle_id(389) early exit zone Madingley Road OUT
Zone: vehicle_id(14303) early exit zone Madingley Road OUT
Zone 1021 records in vehicles HashMap)
Zone feed_vehicle (984 records): 1458758155_2016-03-23-18-35-55
Zone 1021 records in vehicles HashMap)
Zone feed_vehicle (984 records): 1458758155_2016-03-23-18-35-55
Zone: vehicle_id(335) early exit zone Newmarket Road IN
Zone 1021 records in vehicles HashMap)
Zone feed_vehicle (984 records): 1458758155_2016-03-23-18-35-55
Zone 1021 records in vehicles HashMap)
Zone feed_vehicle (984 records): 1458758155_2016-03-23-18-35-55
Zone 1021 records in vehicles HashMap)
Zone feed_vehicle (984 records): 1458758155_2016-03-23-18-35-55
Zone: vehicle_id(14131) early exit zone Trumpington Road IN
Zone 1021 records in vehicles HashMap)
Zone feed_vehicle (984 records): 1458758155_2016-03-23-18-35-55
Zone: vehicle_id(14131) early exit zone Trumpington Road OUT
Zone 1021 records in vehicles HashMap)
Zone feed_vehicle (984 records): 1458758155_2016-03-23-18-35-55
Zone 1021 records in vehicles HashMap)
Zone feed_vehicle (983 records): 1458758185_2016-03-23-18-36-25
Zone: vehicle_id(302) early entry into zone Hills Road OUT
Zone: vehicle_id(308) early exit zone Hills Road OUT
Zone: vehicle_id(3050) early exit zone Hills Road OUT
Zone: vehicle_id(14088) early exit zone Hills Road OUT
Zone: vehicle_id(14097) early entry into zone Hills Road OUT
Zone: vehicle_id(14107) early entry into zone Hills Road OUT
Zone: vehicle_id(14113) early exit zone Hills Road OUT
Zone 1021 records in vehicles HashMap)
Zone feed_vehicle (983 records): 1458758185_2016-03-23-18-36-25
Zone 1021 records in vehicles HashMap)
Zone feed_vehicle (983 records): 1458758185_2016-03-23-18-36-25
Zone feed_vehicle (983 records): 1458758185_2016-03-23-18-36-25
Zone 1021 records in vehicles HashMap)
Zone: vehicle_id(302) early entry into zone Hills Road IN
Zone: Hills Road IN vehicle_id(308) clean exit (no start) at 18:35:44
Zone: vehicle_id(3050) early exit zone Hills Road IN
Zone: vehicle_id(14088) early exit zone Hills Road IN
Zone: vehicle_id(14097) early entry into zone Hills Road IN
Zone: vehicle_id(14107) early entry into zone Hills Road IN
Zone: Hills Road IN vehicle_id(14113) clean exit (no start) at 18:35:45
Zone 1021 records in vehicles HashMap)
Zone feed_vehicle (983 records): 1458758185_2016-03-23-18-36-25
Zone 1021 records in vehicles HashMap)
Zone feed_vehicle (983 records): 1458758185_2016-03-23-18-36-25
Zone: vehicle_id(3552) early exit zone Huntingdon Road OUT
Zone: vehicle_id(14186) early exit zone Huntingdon Road OUT
Zone 1021 records in vehicles HashMap)
Zone feed_vehicle (983 records): 1458758185_2016-03-23-18-36-25
Zone feed_vehicle (983 records): 1458758185_2016-03-23-18-36-25
Zone 1021 records in vehicles HashMap)
Zone: vehicle_id(3552) early exit zone Huntingdon Road IN
Zone feed_vehicle (983 records): 1458758185_2016-03-23-18-36-25
Zone: vehicle_id(14186) early exit zone Huntingdon Road IN
Zone feed_vehicle (983 records): 1458758185_2016-03-23-18-36-25
Zone 1021 records in vehicles HashMap)
Zone 1021 records in vehicles HashMap)
Zone 1021 records in vehicles HashMap)
Zone feed_vehicle (983 records): 1458758185_2016-03-23-18-36-25
Zone feed_vehicle (983 records): 1458758185_2016-03-23-18-36-25
Zone: Madingley Road IN vehicle_id(389) clean exit (no start) at 18:35:43
Zone 1021 records in vehicles HashMap)
Zone feed_vehicle (983 records): 1458758185_2016-03-23-18-36-25
Zone: The Backs SOUTH vehicle_id(389) clean start at 18:36:03
Zone 1021 records in vehicles HashMap)
Zone 1021 records in vehicles HashMap)
Zone feed_vehicle (983 records): 1458758185_2016-03-23-18-36-25
Zone 1021 records in vehicles HashMap)
Zone feed_vehicle (983 records): 1458758185_2016-03-23-18-36-25
Zone: vehicle_id(389) early entry into zone The Backs NORTH
Zone: vehicle_id(14303) early entry into zone The Backs NORTH
Zone 1021 records in vehicles HashMap)
Zone feed_vehicle (983 records): 1458758185_2016-03-23-18-36-25
Zone: vehicle_id(326) early exit zone Trumpington Road OUT
Zone: vehicle_id(14192) early entry into zone Trumpington Road OUT
Zone 1021 records in vehicles HashMap)
Zone feed_vehicle (983 records): 1458758185_2016-03-23-18-36-25
Zone 1021 records in vehicles HashMap)
Zone feed_vehicle (983 records): 1458758185_2016-03-23-18-36-25
Zone: vehicle_id(326) early exit zone Trumpington Road IN
Zone 1021 records in vehicles HashMap)
Zone feed_vehicle (979 records): 1458758215_2016-03-23-18-36-55
2016-03-23 18:36:39,East Road IN,3057,,18:32:44,18:36:23,00:03:39
2016-03-23 18:36:35,East Road IN,3060,,18:33:11,18:36:29,00:03:18
2016-03-23 18:36:34,East Road IN,14098,SCCM-PR3,18:33:07,18:36:24,00:03:17
Zone 1022 records in vehicles HashMap)
Zone feed_vehicle (979 records): 1458758215_2016-03-23-18-36-55
Zone: vehicle_id(3057) early exit zone East Road OUT
Zone: vehicle_id(3060) early exit zone East Road OUT
Zone: vehicle_id(14098) early exit zone East Road OUT
Zone 1022 records in vehicles HashMap)
Zone feed_vehicle (979 records): 1458758215_2016-03-23-18-36-55
Zone: vehicle_id(14186) early entry into zone Histon Road IN
Zone 1022 records in vehicles HashMap)
Zone feed_vehicle (979 records): 1458758215_2016-03-23-18-36-55
Zone feed_vehicle (979 records): 1458758215_2016-03-23-18-36-55
Zone: vehicle_id(348) early entry into zone Hills Road OUT
Zone: vehicle_id(14013) early exit zone Hills Road OUT
Zone: vehicle_id(14153) early entry into zone Hills Road OUT
Zone 1022 records in vehicles HashMap)
Zone: vehicle_id(348) early entry into zone Hills Road IN
Zone: vehicle_id(14013) early exit zone Hills Road IN
Zone: vehicle_id(14153) early entry into zone Hills Road IN
Zone 1022 records in vehicles HashMap)
Zone feed_vehicle (979 records): 1458758215_2016-03-23-18-36-55
Zone feed_vehicle (979 records): 1458758215_2016-03-23-18-36-55
Zone feed_vehicle (979 records): 1458758215_2016-03-23-18-36-55
Zone 1022 records in vehicles HashMap)
Zone: vehicle_id(17) early exit zone Madingley Road IN
Zone 1022 records in vehicles HashMap)
Zone: Histon Road OUT vehicle_id(14186) clean start at 18:36:38
Zone 1022 records in vehicles HashMap)
Zone feed_vehicle (979 records): 1458758215_2016-03-23-18-36-55
Zone 1022 records in vehicles HashMap)
Zone feed_vehicle (979 records): 1458758215_2016-03-23-18-36-55
Zone feed_vehicle (979 records): 1458758215_2016-03-23-18-36-55
Zone 1022 records in vehicles HashMap)
2016-03-23 18:36:38,Milton Road OUT,3055,,18:31:05,18:36:33,00:05:28
Zone 1022 records in vehicles HashMap)
Zone feed_vehicle (979 records): 1458758215_2016-03-23-18-36-55
Zone: vehicle_id(17) early exit zone Madingley Road OUT
Zone 1022 records in vehicles HashMap)
Zone feed_vehicle (979 records): 1458758215_2016-03-23-18-36-55
Zone: vehicle_id(3055) early exit zone Milton Road IN
Zone: vehicle_id(3536) early exit zone Milton Road IN
Zone 1022 records in vehicles HashMap)
Zone feed_vehicle (979 records): 1458758215_2016-03-23-18-36-55
Zone: vehicle_id(385) early entry into zone The Backs SOUTH
Zone feed_vehicle (979 records): 1458758215_2016-03-23-18-36-55
Zone: vehicle_id(385) early entry into zone The Backs NORTH
Zone 1022 records in vehicles HashMap)
Zone feed_vehicle (979 records): 1458758215_2016-03-23-18-36-55
Zone: The Backs SOUTH vehicle_id(14303) clean start at 18:36:03
Zone 1022 records in vehicles HashMap)
Zone feed_vehicle (979 records): 1458758215_2016-03-23-18-36-55
Zone 1022 records in vehicles HashMap)
Zone 1022 records in vehicles HashMap)
Zone feed_vehicle (979 records): 1458758215_2016-03-23-18-36-55
Zone: vehicle_id(14192) early exit zone Trumpington Road OUT
Zone 1022 records in vehicles HashMap)
Zone feed_vehicle (982 records): 1458758245_2016-03-23-18-37-25
Zone: Hills Road OUT vehicle_id(313) clean start at 18:36:59
Zone: Hills Road OUT vehicle_id(374) clean exit (no start) at 18:36:49
Zone: vehicle_id(3537) early exit zone Hills Road OUT
Zone: Hills Road OUT vehicle_id(14028) clean exit (no start) at 18:36:46
Zone: vehicle_id(14132) early exit zone Hills Road OUT
Zone 1025 records in vehicles HashMap)
Zone feed_vehicle (982 records): 1458758245_2016-03-23-18-37-25
Zone feed_vehicle (982 records): 1458758245_2016-03-23-18-37-25
Zone: vehicle_id(313) early entry into zone Hills Road IN
Zone feed_vehicle (982 records): 1458758245_2016-03-23-18-37-25
2016-03-23 18:37:10,East Road OUT,3559,,18:34:49,18:37:08,00:02:19
Zone 1025 records in vehicles HashMap)
Zone: vehicle_id(3559) early exit zone East Road IN
Zone 1025 records in vehicles HashMap)
Zone: vehicle_id(374) early exit zone Hills Road IN
Zone: vehicle_id(3537) early exit zone Hills Road IN
Zone: vehicle_id(14028) early exit zone Hills Road IN
Zone: Hills Road IN vehicle_id(14132) clean exit (no start) at 18:36:54
Zone 1025 records in vehicles HashMap)
Zone feed_vehicle (982 records): 1458758245_2016-03-23-18-37-25
Zone: vehicle_id(337) early entry into zone Huntingdon Road OUT
Zone: vehicle_id(14142) early entry into zone Huntingdon Road OUT
Zone: Huntingdon Road OUT vehicle_id(14386) clean start at 18:36:51
Zone 1025 records in vehicles HashMap)
Zone feed_vehicle (982 records): 1458758245_2016-03-23-18-37-25
Zone: vehicle_id(3552) early entry into zone Histon Road IN
Zone 1025 records in vehicles HashMap)
Zone feed_vehicle (982 records): 1458758245_2016-03-23-18-37-25
Zone feed_vehicle (982 records): 1458758245_2016-03-23-18-37-25
Zone: Histon Road OUT vehicle_id(3552) clean start at 18:36:48
Zone: Huntingdon Road IN vehicle_id(337) clean start at 18:36:48
Zone feed_vehicle (982 records): 1458758245_2016-03-23-18-37-25
Zone feed_vehicle (982 records): 1458758245_2016-03-23-18-37-25
Zone: Huntingdon Road IN vehicle_id(14142) clean start at 18:36:45
Zone 1025 records in vehicles HashMap)
Zone 1025 records in vehicles HashMap)
Zone: vehicle_id(14386) early entry into zone Huntingdon Road IN
Zone 1025 records in vehicles HashMap)
Zone: vehicle_id(14189) early exit zone Milton Road OUT
Zone 1025 records in vehicles HashMap)
Zone feed_vehicle (982 records): 1458758245_2016-03-23-18-37-25
Zone feed_vehicle (982 records): 1458758245_2016-03-23-18-37-25
Zone feed_vehicle (982 records): 1458758245_2016-03-23-18-37-25
Zone 1025 records in vehicles HashMap)
Zone: Milton Road IN vehicle_id(14189) clean exit (no start) at 18:37:17
2016-03-23 18:37:01,Newmarket Road IN,3551,,18:31:39,18:36:46,00:05:07
2016-03-23 18:37:10,Newmarket Road IN,14185,SCCM-11,18:31:42,18:36:50,00:05:08
Zone 1025 records in vehicles HashMap)
Zone 1025 records in vehicles HashMap)
Zone feed_vehicle (982 records): 1458758245_2016-03-23-18-37-25
Zone 1025 records in vehicles HashMap)
Zone feed_vehicle (982 records): 1458758245_2016-03-23-18-37-25
Zone feed_vehicle (982 records): 1458758245_2016-03-23-18-37-25
Zone 1025 records in vehicles HashMap)
Zone feed_vehicle (982 records): 1458758245_2016-03-23-18-37-25
Zone: vehicle_id(335) early exit zone Newmarket Road OUT
Zone: vehicle_id(3551) early exit zone Newmarket Road OUT
Zone: vehicle_id(14185) early exit zone Newmarket Road OUT
Zone 1025 records in vehicles HashMap)
Zone 1025 records in vehicles HashMap)
Zone feed_vehicle (982 records): 1458758245_2016-03-23-18-37-25
Zone 1025 records in vehicles HashMap)
Zone feed_vehicle (981 records): 1458758275_2016-03-23-18-37-55
Zone 1027 records in vehicles HashMap)
Zone feed_vehicle (981 records): 1458758275_2016-03-23-18-37-55
Zone 1027 records in vehicles HashMap)
Zone feed_vehicle (981 records): 1458758275_2016-03-23-18-37-55
Zone 1027 records in vehicles HashMap)
Zone feed_vehicle (981 records): 1458758275_2016-03-23-18-37-55
Zone 1027 records in vehicles HashMap)
Zone feed_vehicle (981 records): 1458758275_2016-03-23-18-37-55
2016-03-23 18:37:35,Huntingdon Road OUT,343,,18:32:21,18:37:34,00:05:13
2016-03-23 18:37:31,Huntingdon Road OUT,14148,SCCM-6,18:32:19,18:37:30,00:05:11
Zone 1027 records in vehicles HashMap)
Zone feed_vehicle (981 records): 1458758275_2016-03-23-18-37-55
Zone 1027 records in vehicles HashMap)
Zone feed_vehicle (981 records): 1458758275_2016-03-23-18-37-55
Zone feed_vehicle (981 records): 1458758275_2016-03-23-18-37-55
Zone 1027 records in vehicles HashMap)
Zone: vehicle_id(343) early exit zone Huntingdon Road IN
Zone: vehicle_id(14148) early exit zone Huntingdon Road IN
Zone 1027 records in vehicles HashMap)
Zone feed_vehicle (981 records): 1458758275_2016-03-23-18-37-55
Zone 1027 records in vehicles HashMap)
Zone feed_vehicle (981 records): 1458758275_2016-03-23-18-37-55
Zone: vehicle_id(3555) early exit zone Milton Road OUT
Zone 1027 records in vehicles HashMap)
Zone feed_vehicle (981 records): 1458758275_2016-03-23-18-37-55
Zone feed_vehicle (981 records): 1458758275_2016-03-23-18-37-55
Zone 1027 records in vehicles HashMap)
Zone: Milton Road IN vehicle_id(3555) clean exit (no start) at 18:37:34
Zone 1027 records in vehicles HashMap)
Zone feed_vehicle (981 records): 1458758275_2016-03-23-18-37-55
Zone 1027 records in vehicles HashMap)
Zone feed_vehicle (981 records): 1458758275_2016-03-23-18-37-55
Zone 1027 records in vehicles HashMap)
Zone feed_vehicle (981 records): 1458758275_2016-03-23-18-37-55
Zone 1027 records in vehicles HashMap)
Zone feed_vehicle (981 records): 1458758275_2016-03-23-18-37-55
Zone 1027 records in vehicles HashMap)
Zone feed_vehicle (981 records): 1458758275_2016-03-23-18-37-55
Zone: vehicle_id(14081) early entry into zone Trumpington Road OUT
Zone 1027 records in vehicles HashMap)
Zone feed_vehicle (981 records): 1458758275_2016-03-23-18-37-55
Zone: vehicle_id(14081) early entry into zone Trumpington Road IN
Zone 1027 records in vehicles HashMap)
Zone feed_vehicle (977 records): 1458758305_2016-03-23-18-38-25
Zone 1027 records in vehicles HashMap)
Zone feed_vehicle (977 records): 1458758305_2016-03-23-18-38-25
Zone feed_vehicle (977 records): 1458758305_2016-03-23-18-38-25
Zone: vehicle_id(305) early exit zone Hills Road OUT
Zone: Hills Road IN vehicle_id(302) clean exit (no start) at 18:38:02
Zone: vehicle_id(305) early exit zone Hills Road IN
Zone: vehicle_id(14107) early exit zone Hills Road OUT
Zone: vehicle_id(14108) early exit zone Hills Road OUT
Zone 1027 records in vehicles HashMap)
Zone: Hills Road IN vehicle_id(14107) clean exit (no start) at 18:38:00
Zone: Hills Road IN vehicle_id(14108) clean exit (no start) at 18:37:56
Zone 1027 records in vehicles HashMap)
Zone feed_vehicle (977 records): 1458758305_2016-03-23-18-38-25
Zone feed_vehicle (977 records): 1458758305_2016-03-23-18-38-25
Zone 1027 records in vehicles HashMap)
Zone: vehicle_id(14385) early entry into zone Huntingdon Road IN
Zone 1027 records in vehicles HashMap)
Zone feed_vehicle (977 records): 1458758305_2016-03-23-18-38-25
Zone: Huntingdon Road OUT vehicle_id(14385) clean start at 18:37:54
Zone 1027 records in vehicles HashMap)
Zone feed_vehicle (977 records): 1458758305_2016-03-23-18-38-25
Zone 1027 records in vehicles HashMap)
Zone feed_vehicle (977 records): 1458758305_2016-03-23-18-38-25
Zone 1027 records in vehicles HashMap)
Zone feed_vehicle (977 records): 1458758305_2016-03-23-18-38-25
2016-03-23 18:38:10,Milton Road OUT,3536,,18:30:46,18:38:00,00:07:14
Zone 1027 records in vehicles HashMap)
Zone feed_vehicle (977 records): 1458758305_2016-03-23-18-38-25
Zone feed_vehicle (977 records): 1458758305_2016-03-23-18-38-25
Zone 1027 records in vehicles HashMap)
Zone 1027 records in vehicles HashMap)
Zone feed_vehicle (977 records): 1458758305_2016-03-23-18-38-25
2016-03-23 18:38:09,Newmarket Road OUT,14094,SCCM-PR1,18:35:00,18:38:08,00:03:08
Zone 1027 records in vehicles HashMap)
Zone feed_vehicle (977 records): 1458758305_2016-03-23-18-38-25
Zone 1027 records in vehicles HashMap)
Zone feed_vehicle (977 records): 1458758305_2016-03-23-18-38-25
Zone 1027 records in vehicles HashMap)
Zone feed_vehicle (977 records): 1458758305_2016-03-23-18-38-25
Zone 1027 records in vehicles HashMap)
Zone feed_vehicle (977 records): 1458758305_2016-03-23-18-38-25
Zone 1027 records in vehicles HashMap)
Zone feed_vehicle (977 records): 1458758305_2016-03-23-18-38-25
Zone: vehicle_id(3048) early exit zone Trumpington Road OUT
Zone: vehicle_id(14086) early exit zone Trumpington Road OUT
Zone 1027 records in vehicles HashMap)
Zone feed_vehicle (977 records): 1458758305_2016-03-23-18-38-25
2016-03-23 18:38:00,Trumpington Road IN,3048,,18:30:42,18:37:47,00:07:05
2016-03-23 18:38:07,Trumpington Road IN,14086,SCCM-PR2,18:30:36,18:37:47,00:07:11
Zone 1027 records in vehicles HashMap)
Zone feed_vehicle (976 records): 1458758335_2016-03-23-18-38-55
Zone feed_vehicle (976 records): 1458758335_2016-03-23-18-38-55
Zone feed_vehicle (976 records): 1458758335_2016-03-23-18-38-55
Zone: vehicle_id(3049) early exit zone East Road IN
Zone: vehicle_id(3106) early exit zone East Road IN
Zone: vehicle_id(14087) early exit zone East Road IN
Zone: vehicle_id(14104) early exit zone East Road IN
2016-03-23 18:38:33,East Road OUT,3049,,18:34:40,18:38:28,00:03:48
2016-03-23 18:38:35,East Road OUT,3106,,18:33:15,18:38:21,00:05:06
2016-03-23 18:38:32,East Road OUT,14087,SCCM-PR3,18:34:36,18:38:25,00:03:49
2016-03-23 18:38:47,East Road OUT,14104,SCCM-PR3,18:33:14,18:38:15,00:05:01
Zone 1029 records in vehicles HashMap)
Zone 1029 records in vehicles HashMap)
Zone feed_vehicle (976 records): 1458758335_2016-03-23-18-38-55
Zone 1029 records in vehicles HashMap)
Zone 1029 records in vehicles HashMap)
Zone feed_vehicle (976 records): 1458758335_2016-03-23-18-38-55
Zone 1029 records in vehicles HashMap)
Zone feed_vehicle (976 records): 1458758335_2016-03-23-18-38-55
Zone 1029 records in vehicles HashMap)
Zone feed_vehicle (976 records): 1458758335_2016-03-23-18-38-55
Zone 1029 records in vehicles HashMap)
Zone feed_vehicle (976 records): 1458758335_2016-03-23-18-38-55
Zone feed_vehicle (976 records): 1458758335_2016-03-23-18-38-55
Zone 1029 records in vehicles HashMap)
Zone 1029 records in vehicles HashMap)
Zone feed_vehicle (976 records): 1458758335_2016-03-23-18-38-55
Zone 1029 records in vehicles HashMap)
Zone feed_vehicle (976 records): 1458758335_2016-03-23-18-38-55
Zone 1029 records in vehicles HashMap)
Zone feed_vehicle (976 records): 1458758335_2016-03-23-18-38-55
Zone 1029 records in vehicles HashMap)
Zone feed_vehicle (976 records): 1458758335_2016-03-23-18-38-55
Zone 1029 records in vehicles HashMap)
Zone feed_vehicle (976 records): 1458758335_2016-03-23-18-38-55
Zone 1029 records in vehicles HashMap)
Zone feed_vehicle (976 records): 1458758335_2016-03-23-18-38-55
Zone: vehicle_id(3056) early exit zone Newmarket Road IN
Zone: vehicle_id(14094) early exit zone Newmarket Road IN
Zone 1029 records in vehicles HashMap)
Zone feed_vehicle (976 records): 1458758335_2016-03-23-18-38-55
Zone: Trumpington Road IN vehicle_id(3010) clean start at 18:38:29
Zone: Trumpington Road IN vehicle_id(14195) clean start at 18:38:26
Zone 1029 records in vehicles HashMap)
Zone feed_vehicle (976 records): 1458758335_2016-03-23-18-38-55
2016-03-23 18:38:39,Newmarket Road OUT,3056,,18:35:03,18:38:15,00:03:12
Zone 1029 records in vehicles HashMap)
Zone feed_vehicle (976 records): 1458758335_2016-03-23-18-38-55
Zone: vehicle_id(3010) early entry into zone Trumpington Road OUT
Zone: vehicle_id(14195) early entry into zone Trumpington Road OUT
Zone 1029 records in vehicles HashMap)
Zone feed_vehicle (978 records): 1458758366_2016-03-23-18-39-26
Zone: vehicle_id(302) early exit zone Hills Road OUT
Zone: vehicle_id(316) early exit zone Hills Road OUT
Zone feed_vehicle (978 records): 1458758366_2016-03-23-18-39-26
Zone: vehicle_id(14092) early entry into zone East Road IN
Zone 1030 records in vehicles HashMap)
Zone feed_vehicle (978 records): 1458758366_2016-03-23-18-39-26
Zone: vehicle_id(3050) early entry into zone Hills Road OUT
Zone: vehicle_id(3537) early entry into zone Hills Road OUT
Zone: vehicle_id(14088) early entry into zone Hills Road OUT
Zone 1030 records in vehicles HashMap)
Zone feed_vehicle (978 records): 1458758366_2016-03-23-18-39-26
Zone: vehicle_id(14385) early exit zone Huntingdon Road OUT
Zone 1030 records in vehicles HashMap)
Zone: vehicle_id(316) early exit zone Hills Road IN
Zone: vehicle_id(3050) early entry into zone Hills Road IN
Zone: vehicle_id(14088) early entry into zone Hills Road IN
Zone 1030 records in vehicles HashMap)
Zone feed_vehicle (978 records): 1458758366_2016-03-23-18-39-26
Zone feed_vehicle (978 records): 1458758366_2016-03-23-18-39-26
Zone: vehicle_id(14092) early entry into zone East Road OUT
Zone 1030 records in vehicles HashMap)
Zone 1030 records in vehicles HashMap)
Zone feed_vehicle (978 records): 1458758366_2016-03-23-18-39-26
Zone feed_vehicle (978 records): 1458758366_2016-03-23-18-39-26
Zone: vehicle_id(14385) early exit zone Huntingdon Road IN
Zone 1030 records in vehicles HashMap)
Zone feed_vehicle (978 records): 1458758366_2016-03-23-18-39-26
Zone 1030 records in vehicles HashMap)
Zone 1030 records in vehicles HashMap)
Zone feed_vehicle (978 records): 1458758366_2016-03-23-18-39-26
Zone: vehicle_id(14091) early entry into zone Madingley Road IN
Zone 1030 records in vehicles HashMap)
Zone feed_vehicle (978 records): 1458758366_2016-03-23-18-39-26
Zone 1030 records in vehicles HashMap)
Zone feed_vehicle (978 records): 1458758366_2016-03-23-18-39-26
Zone 1030 records in vehicles HashMap)
Zone feed_vehicle (978 records): 1458758366_2016-03-23-18-39-26
Zone feed_vehicle (978 records): 1458758366_2016-03-23-18-39-26
Zone 1030 records in vehicles HashMap)
Zone: Madingley Road OUT vehicle_id(14091) clean start at 18:39:10
Zone feed_vehicle (978 records): 1458758366_2016-03-23-18-39-26
Zone 1030 records in vehicles HashMap)
Zone 1030 records in vehicles HashMap)
Zone feed_vehicle (978 records): 1458758366_2016-03-23-18-39-26
Zone 1030 records in vehicles HashMap)
Zone feed_vehicle (978 records): 1458758366_2016-03-23-18-39-26
Zone 1030 records in vehicles HashMap)
Zone feed_vehicle (978 records): 1458758366_2016-03-23-18-39-26
Zone 1030 records in vehicles HashMap)
Zone feed_vehicle (973 records): 1458758395_2016-03-23-18-39-55
Zone: Hills Road OUT vehicle_id(302) clean start at 18:39:09
Zone: vehicle_id(313) early exit zone Hills Road OUT
Zone: Hills Road OUT vehicle_id(314) clean start at 18:39:32
Zone: vehicle_id(324) early entry into zone Hills Road OUT
Zone: Hills Road OUT vehicle_id(14119) clean start at 18:39:30
Zone: vehicle_id(14129) early entry into zone Hills Road OUT
Zone: vehicle_id(14153) early exit zone Hills Road OUT
Zone: vehicle_id(14192) early entry into zone Hills Road OUT
Zone 1030 records in vehicles HashMap)
Zone feed_vehicle (973 records): 1458758395_2016-03-23-18-39-55
Zone: East Road OUT vehicle_id(3054) clean start at 18:39:06
Zone 1030 records in vehicles HashMap)
Zone feed_vehicle (973 records): 1458758395_2016-03-23-18-39-55
Zone: vehicle_id(302) early entry into zone Hills Road IN
Zone: vehicle_id(313) early exit zone Hills Road IN
Zone: vehicle_id(314) early entry into zone Hills Road IN
Zone: vehicle_id(324) early entry into zone Hills Road IN
Zone: vehicle_id(14119) early entry into zone Hills Road IN
Zone: vehicle_id(14129) early entry into zone Hills Road IN
Zone: Hills Road IN vehicle_id(14153) clean exit (no start) at 18:39:36
Zone: vehicle_id(14192) early entry into zone Hills Road IN
Zone 1030 records in vehicles HashMap)
Zone feed_vehicle (973 records): 1458758395_2016-03-23-18-39-55
Zone: vehicle_id(3054) early entry into zone East Road IN
Zone 1030 records in vehicles HashMap)
Zone feed_vehicle (973 records): 1458758395_2016-03-23-18-39-55
Zone feed_vehicle (973 records): 1458758395_2016-03-23-18-39-55
Zone feed_vehicle (973 records): 1458758395_2016-03-23-18-39-55
Zone feed_vehicle (973 records): 1458758395_2016-03-23-18-39-55
Zone: vehicle_id(14385) early entry into zone Histon Road IN
Zone 1030 records in vehicles HashMap)
Zone 1030 records in vehicles HashMap)
Zone 1030 records in vehicles HashMap)
Zone feed_vehicle (973 records): 1458758395_2016-03-23-18-39-55
Zone: vehicle_id(336) early entry into zone Milton Road OUT
Zone 1030 records in vehicles HashMap)
Zone feed_vehicle (973 records): 1458758395_2016-03-23-18-39-55
Zone feed_vehicle (973 records): 1458758395_2016-03-23-18-39-55
Zone: vehicle_id(336) early entry into zone Milton Road IN
Zone 1030 records in vehicles HashMap)
Zone: Histon Road OUT vehicle_id(14385) clean start at 18:39:35
Zone 1030 records in vehicles HashMap)
Zone: Madingley Road IN vehicle_id(3051) clean start at 18:39:15
Zone: vehicle_id(3053) early entry into zone Madingley Road IN
Zone: Madingley Road IN vehicle_id(14089) clean start at 18:39:13
Zone 1030 records in vehicles HashMap)
Zone feed_vehicle (973 records): 1458758395_2016-03-23-18-39-55
Zone: vehicle_id(3051) early entry into zone Madingley Road OUT
Zone: Madingley Road OUT vehicle_id(3053) clean start at 18:39:18
Zone: vehicle_id(14089) early entry into zone Madingley Road OUT
Zone 1030 records in vehicles HashMap)
Zone feed_vehicle (973 records): 1458758395_2016-03-23-18-39-55
Zone 1030 records in vehicles HashMap)
Zone feed_vehicle (973 records): 1458758395_2016-03-23-18-39-55
Zone 1030 records in vehicles HashMap)
Zone feed_vehicle (973 records): 1458758395_2016-03-23-18-39-55
Zone: Newmarket Road IN vehicle_id(335) clean start at 18:39:26
Zone: Newmarket Road IN vehicle_id(14116) clean start at 18:39:29
Zone 1030 records in vehicles HashMap)
Zone feed_vehicle (973 records): 1458758395_2016-03-23-18-39-55
Zone 1030 records in vehicles HashMap)
Zone feed_vehicle (973 records): 1458758395_2016-03-23-18-39-55
Zone: vehicle_id(335) early entry into zone Newmarket Road OUT
Zone 1030 records in vehicles HashMap)
Zone feed_vehicle (973 records): 1458758395_2016-03-23-18-39-55
Zone 1030 records in vehicles HashMap)
Zone feed_vehicle (974 records): 1458758425_2016-03-23-18-40-25
Zone: Hills Road IN vehicle_id(302) clean exit (no start) at 18:39:36
Zone: Hills Road IN vehicle_id(348) clean exit (no start) at 18:39:14
Zone 1030 records in vehicles HashMap)
Zone feed_vehicle (974 records): 1458758425_2016-03-23-18-40-25
Zone feed_vehicle (974 records): 1458758425_2016-03-23-18-40-25
Zone 1030 records in vehicles HashMap)
Zone: vehicle_id(302) early exit zone Hills Road OUT
Zone: vehicle_id(348) early exit zone Hills Road OUT
Zone 1030 records in vehicles HashMap)
Zone feed_vehicle (974 records): 1458758425_2016-03-23-18-40-25
Zone feed_vehicle (974 records): 1458758425_2016-03-23-18-40-25
Zone 1030 records in vehicles HashMap)
Zone 1030 records in vehicles HashMap)
Zone feed_vehicle (974 records): 1458758425_2016-03-23-18-40-25
Zone 1030 records in vehicles HashMap)
Zone feed_vehicle (974 records): 1458758425_2016-03-23-18-40-25
Zone 1030 records in vehicles HashMap)
Zone feed_vehicle (974 records): 1458758425_2016-03-23-18-40-25
Zone: vehicle_id(3559) early entry into zone Milton Road OUT
Zone 1030 records in vehicles HashMap)
Zone feed_vehicle (974 records): 1458758425_2016-03-23-18-40-25
Zone 1030 records in vehicles HashMap)
Zone feed_vehicle (974 records): 1458758425_2016-03-23-18-40-25
Zone 1030 records in vehicles HashMap)
Zone feed_vehicle (974 records): 1458758425_2016-03-23-18-40-25
Zone: vehicle_id(317) early entry into zone Milton Road IN
Zone: vehicle_id(3559) early entry into zone Milton Road IN
Zone: vehicle_id(14122) early entry into zone Milton Road IN
Zone 1030 records in vehicles HashMap)
Zone feed_vehicle (974 records): 1458758425_2016-03-23-18-40-25
Zone 1030 records in vehicles HashMap)
Zone feed_vehicle (974 records): 1458758425_2016-03-23-18-40-25
Zone feed_vehicle (974 records): 1458758425_2016-03-23-18-40-25
Zone: Newmarket Road IN vehicle_id(311) clean start at 18:39:34
Zone 1030 records in vehicles HashMap)
Zone feed_vehicle (974 records): 1458758425_2016-03-23-18-40-25
Zone: The Backs NORTH vehicle_id(14304) clean exit (no start) at 18:40:10
Zone 1030 records in vehicles HashMap)
Zone feed_vehicle (974 records): 1458758425_2016-03-23-18-40-25
Zone: vehicle_id(311) early entry into zone Newmarket Road OUT
Zone: vehicle_id(14116) early entry into zone Newmarket Road OUT
Zone: vehicle_id(14304) early exit zone The Backs SOUTH
Zone 1030 records in vehicles HashMap)
Zone 1030 records in vehicles HashMap)
Zone feed_vehicle (974 records): 1458758425_2016-03-23-18-40-25
Zone 1030 records in vehicles HashMap)
Zone feed_vehicle (974 records): 1458758425_2016-03-23-18-40-25
Zone 1030 records in vehicles HashMap)
Zone feed_vehicle (972 records): 1458758455_2016-03-23-18-40-55
Zone feed_vehicle (972 records): 1458758455_2016-03-23-18-40-55
Zone: vehicle_id(303) early exit zone Hills Road OUT
Zone: Hills Road OUT vehicle_id(3059) clean exit (no start) at 18:40:19
Zone: vehicle_id(14192) early exit zone Hills Road OUT
Zone 1030 records in vehicles HashMap)
Zone 1030 records in vehicles HashMap)
Zone feed_vehicle (972 records): 1458758455_2016-03-23-18-40-55
Zone: Hills Road IN vehicle_id(303) clean exit (no start) at 18:40:09
Zone: Hills Road IN vehicle_id(3050) clean exit (no start) at 18:40:32
Zone: vehicle_id(3059) early exit zone Hills Road IN
Zone: vehicle_id(14192) early exit zone Hills Road IN
Zone 1030 records in vehicles HashMap)
Zone feed_vehicle (972 records): 1458758455_2016-03-23-18-40-55
Zone 1030 records in vehicles HashMap)
Zone feed_vehicle (972 records): 1458758455_2016-03-23-18-40-55
2016-03-23 18:40:36,Huntingdon Road IN,337,,18:36:48,18:40:32,00:03:44
2016-03-23 18:40:33,Huntingdon Road IN,14142,SCCM-6,18:36:45,18:40:30,00:03:45
Zone feed_vehicle (972 records): 1458758455_2016-03-23-18-40-55
2016-03-23 18:40:35,Histon Road OUT,3552,,18:36:48,18:40:31,00:03:43
2016-03-23 18:40:45,Histon Road OUT,14186,SCCM-X8,18:36:38,18:40:34,00:03:56
Zone 1030 records in vehicles HashMap)
Zone feed_vehicle (972 records): 1458758455_2016-03-23-18-40-55
Zone: vehicle_id(337) early exit zone Huntingdon Road OUT
Zone: vehicle_id(14142) early exit zone Huntingdon Road OUT
Zone 1030 records in vehicles HashMap)
Zone 1030 records in vehicles HashMap)
Zone feed_vehicle (972 records): 1458758455_2016-03-23-18-40-55
Zone: vehicle_id(3552) early exit zone Histon Road IN
Zone: vehicle_id(14186) early exit zone Histon Road IN
Zone 1030 records in vehicles HashMap)
Zone feed_vehicle (972 records): 1458758455_2016-03-23-18-40-55
Zone: Milton Road OUT vehicle_id(317) clean start at 18:40:24
Zone: vehicle_id(809) early entry into zone Milton Road OUT
Zone: vehicle_id(3106) early entry into zone Milton Road OUT
Zone: vehicle_id(14104) early entry into zone Milton Road OUT
Zone: Milton Road OUT vehicle_id(14122) clean start at 18:40:13
Zone: vehicle_id(14400) early entry into zone Milton Road OUT
Zone 1030 records in vehicles HashMap)
Zone feed_vehicle (972 records): 1458758455_2016-03-23-18-40-55
Zone 1030 records in vehicles HashMap)
Zone feed_vehicle (972 records): 1458758455_2016-03-23-18-40-55
Zone feed_vehicle (972 records): 1458758455_2016-03-23-18-40-55
Zone: vehicle_id(3106) early entry into zone Milton Road IN
Zone: vehicle_id(14104) early entry into zone Milton Road IN
Zone 1030 records in vehicles HashMap)
Zone 1030 records in vehicles HashMap)
Zone feed_vehicle (972 records): 1458758455_2016-03-23-18-40-55
Zone 1030 records in vehicles HashMap)
Zone feed_vehicle (972 records): 1458758455_2016-03-23-18-40-55
Zone feed_vehicle (972 records): 1458758455_2016-03-23-18-40-55
Zone: vehicle_id(385) early exit zone The Backs SOUTH
Zone 1030 records in vehicles HashMap)
Zone feed_vehicle (972 records): 1458758455_2016-03-23-18-40-55
Zone: The Backs NORTH vehicle_id(385) clean exit (no start) at 18:40:27
Zone 1030 records in vehicles HashMap)
Zone 1030 records in vehicles HashMap)
Zone feed_vehicle (972 records): 1458758455_2016-03-23-18-40-55
Zone feed_vehicle (972 records): 1458758455_2016-03-23-18-40-55
Zone: vehicle_id(14081) early exit zone Trumpington Road OUT
Zone 1030 records in vehicles HashMap)
Zone: vehicle_id(14081) early exit zone Trumpington Road IN
Zone 1030 records in vehicles HashMap)
Zone feed_vehicle (970 records): 1458758485_2016-03-23-18-41-25
Zone feed_vehicle (970 records): 1458758485_2016-03-23-18-41-25
Zone 1031 records in vehicles HashMap)
Zone: vehicle_id(3058) early entry into zone Hills Road OUT
Zone: vehicle_id(14013) early entry into zone Hills Road OUT
Zone: Hills Road OUT vehicle_id(14097) clean exit (no start) at 18:40:25
Zone: vehicle_id(14110) early exit zone Hills Road OUT
Zone 1031 records in vehicles HashMap)
Zone feed_vehicle (970 records): 1458758485_2016-03-23-18-41-25
Zone: Hills Road IN vehicle_id(3058) clean start at 18:40:43
Zone: vehicle_id(14013) early entry into zone Hills Road IN
Zone: vehicle_id(14097) early exit zone Hills Road IN
Zone: vehicle_id(14110) early exit zone Hills Road IN
Zone 1031 records in vehicles HashMap)
Zone feed_vehicle (970 records): 1458758485_2016-03-23-18-41-25
Zone 1031 records in vehicles HashMap)
Zone feed_vehicle (970 records): 1458758485_2016-03-23-18-41-25
Zone 1031 records in vehicles HashMap)
Zone feed_vehicle (970 records): 1458758485_2016-03-23-18-41-25
Zone feed_vehicle (970 records): 1458758485_2016-03-23-18-41-25
Zone 1031 records in vehicles HashMap)
Zone 1031 records in vehicles HashMap)
Zone feed_vehicle (970 records): 1458758485_2016-03-23-18-41-25
Zone 1031 records in vehicles HashMap)
Zone feed_vehicle (970 records): 1458758485_2016-03-23-18-41-25
Zone feed_vehicle (970 records): 1458758485_2016-03-23-18-41-25
Zone 1031 records in vehicles HashMap)
Zone: Madingley Road OUT vehicle_id(14304) clean start at 18:41:00
Zone 1031 records in vehicles HashMap)
Zone feed_vehicle (970 records): 1458758485_2016-03-23-18-41-25
Zone: vehicle_id(14122) early exit zone Milton Road IN
Zone 1031 records in vehicles HashMap)
Zone feed_vehicle (970 records): 1458758485_2016-03-23-18-41-25
Zone: vehicle_id(14304) early entry into zone Madingley Road IN
Zone 1031 records in vehicles HashMap)
Zone feed_vehicle (970 records): 1458758485_2016-03-23-18-41-25
Zone 1031 records in vehicles HashMap)
Zone feed_vehicle (970 records): 1458758485_2016-03-23-18-41-25
Zone: vehicle_id(389) early exit zone The Backs SOUTH
Zone: vehicle_id(14303) early exit zone The Backs SOUTH
Zone 1031 records in vehicles HashMap)
Zone feed_vehicle (970 records): 1458758485_2016-03-23-18-41-25
Zone: vehicle_id(389) early exit zone The Backs NORTH
Zone: vehicle_id(14303) early exit zone The Backs NORTH
Zone 1031 records in vehicles HashMap)
Zone feed_vehicle (970 records): 1458758485_2016-03-23-18-41-25
Zone 1031 records in vehicles HashMap)
Zone feed_vehicle (970 records): 1458758485_2016-03-23-18-41-25
Zone 1031 records in vehicles HashMap)
Zone feed_vehicle (970 records): 1458758485_2016-03-23-18-41-25
Zone 1031 records in vehicles HashMap)
Zone feed_vehicle (967 records): 1458758515_2016-03-23-18-41-55
Zone 1032 records in vehicles HashMap)
Zone feed_vehicle (967 records): 1458758515_2016-03-23-18-41-55
Zone: vehicle_id(3050) early exit zone Hills Road OUT
Zone: vehicle_id(14088) early exit zone Hills Road OUT
Zone 1032 records in vehicles HashMap)
Zone feed_vehicle (967 records): 1458758515_2016-03-23-18-41-55
Zone 1032 records in vehicles HashMap)
Zone feed_vehicle (967 records): 1458758515_2016-03-23-18-41-55
Zone: vehicle_id(3537) early entry into zone Hills Road IN
Zone: Hills Road IN vehicle_id(14088) clean exit (no start) at 18:41:25
Zone 1032 records in vehicles HashMap)
Zone feed_vehicle (967 records): 1458758515_2016-03-23-18-41-55
Zone feed_vehicle (967 records): 1458758515_2016-03-23-18-41-55
Zone 1032 records in vehicles HashMap)
2016-03-23 18:41:34,Huntingdon Road OUT,14386,SCCM-5,18:36:51,18:41:29,00:04:38
Zone 1032 records in vehicles HashMap)
Zone feed_vehicle (967 records): 1458758515_2016-03-23-18-41-55
Zone feed_vehicle (967 records): 1458758515_2016-03-23-18-41-55
Zone 1032 records in vehicles HashMap)
Zone feed_vehicle (967 records): 1458758515_2016-03-23-18-41-55
Zone: vehicle_id(14386) early exit zone Huntingdon Road IN
Zone 1032 records in vehicles HashMap)
Zone: Madingley Road OUT vehicle_id(385) clean start at 18:40:51
Zone: vehicle_id(3051) early exit zone Madingley Road OUT
2016-03-23 18:41:42,Madingley Road OUT,3053,,18:39:18,18:41:36,00:02:18
Zone: vehicle_id(14089) early exit zone Madingley Road OUT
2016-03-23 18:41:34,Madingley Road OUT,14091,SCCM-PR1,18:39:10,18:41:28,00:02:18
Zone 1032 records in vehicles HashMap)
Zone feed_vehicle (967 records): 1458758515_2016-03-23-18-41-55
Zone: vehicle_id(385) early entry into zone Madingley Road IN
2016-03-23 18:41:38,Madingley Road IN,3051,,18:39:15,18:41:29,00:02:14
Zone: vehicle_id(3053) early exit zone Madingley Road IN
2016-03-23 18:41:46,Madingley Road IN,14089,SCCM-PR1,18:39:13,18:41:25,00:02:12
Zone: vehicle_id(14091) early exit zone Madingley Road IN
Zone 1032 records in vehicles HashMap)
Zone feed_vehicle (967 records): 1458758515_2016-03-23-18-41-55
Zone feed_vehicle (967 records): 1458758515_2016-03-23-18-41-55
Zone: vehicle_id(317) early exit zone Milton Road OUT
Zone: vehicle_id(14087) early entry into zone Milton Road OUT
Zone: vehicle_id(14122) early exit zone Milton Road OUT
Zone 1032 records in vehicles HashMap)
Zone: vehicle_id(317) early exit zone Milton Road IN
Zone: vehicle_id(14087) early entry into zone Milton Road IN
Zone 1032 records in vehicles HashMap)
Zone feed_vehicle (967 records): 1458758515_2016-03-23-18-41-55
Zone 1032 records in vehicles HashMap)
Zone feed_vehicle (967 records): 1458758515_2016-03-23-18-41-55
Zone 1032 records in vehicles HashMap)
Zone feed_vehicle (967 records): 1458758515_2016-03-23-18-41-55
Zone 1032 records in vehicles HashMap)
Zone feed_vehicle (967 records): 1458758515_2016-03-23-18-41-55
2016-03-23 18:41:33,Trumpington Road OUT,3047,,18:33:58,18:41:27,00:07:29
2016-03-23 18:41:41,Trumpington Road OUT,14085,SCCM-PR2,18:33:55,18:41:31,00:07:36
Zone 1032 records in vehicles HashMap)
Zone feed_vehicle (967 records): 1458758515_2016-03-23-18-41-55
Zone 1032 records in vehicles HashMap)
Zone feed_vehicle (967 records): 1458758515_2016-03-23-18-41-55
Zone: vehicle_id(3047) early exit zone Trumpington Road IN
Zone: vehicle_id(14085) early exit zone Trumpington Road IN
Zone 1032 records in vehicles HashMap)
Zone feed_vehicle (968 records): 1458758545_2016-03-23-18-42-25
Zone: vehicle_id(305) early entry into zone Hills Road OUT
Zone: vehicle_id(14110) early entry into zone Hills Road OUT
Zone 1033 records in vehicles HashMap)
Zone feed_vehicle (968 records): 1458758545_2016-03-23-18-42-25
Zone 1033 records in vehicles HashMap)
Zone feed_vehicle (968 records): 1458758545_2016-03-23-18-42-25
Zone 1033 records in vehicles HashMap)
Zone feed_vehicle (968 records): 1458758545_2016-03-23-18-42-25
Zone: vehicle_id(305) early entry into zone Hills Road IN
Zone: vehicle_id(14110) early entry into zone Hills Road IN
Zone 1033 records in vehicles HashMap)
Zone feed_vehicle (968 records): 1458758545_2016-03-23-18-42-25
Zone 1033 records in vehicles HashMap)
Zone feed_vehicle (968 records): 1458758545_2016-03-23-18-42-25
Zone 1033 records in vehicles HashMap)
Zone feed_vehicle (968 records): 1458758545_2016-03-23-18-42-25
Zone 1033 records in vehicles HashMap)
Zone feed_vehicle (968 records): 1458758545_2016-03-23-18-42-25
Zone 1033 records in vehicles HashMap)
Zone feed_vehicle (968 records): 1458758545_2016-03-23-18-42-25
Zone: vehicle_id(336) early exit zone Milton Road OUT
Zone: vehicle_id(14229) early entry into zone Milton Road OUT
Zone 1033 records in vehicles HashMap)
Zone feed_vehicle (968 records): 1458758545_2016-03-23-18-42-25
Zone: Milton Road IN vehicle_id(336) clean exit (no start) at 18:41:06
Zone: vehicle_id(809) early entry into zone Milton Road IN
Zone: vehicle_id(14229) early entry into zone Milton Road IN
Zone: vehicle_id(14400) early entry into zone Milton Road IN
Zone 1033 records in vehicles HashMap)
Zone feed_vehicle (968 records): 1458758545_2016-03-23-18-42-25
Zone 1033 records in vehicles HashMap)
Zone feed_vehicle (968 records): 1458758545_2016-03-23-18-42-25
Zone 1033 records in vehicles HashMap)
Zone feed_vehicle (968 records): 1458758545_2016-03-23-18-42-25
Zone feed_vehicle (968 records): 1458758545_2016-03-23-18-42-25
Zone 1033 records in vehicles HashMap)
Zone feed_vehicle (968 records): 1458758545_2016-03-23-18-42-25
Zone 1033 records in vehicles HashMap)
Zone feed_vehicle (968 records): 1458758545_2016-03-23-18-42-25
Zone 1033 records in vehicles HashMap)
Zone feed_vehicle (968 records): 1458758545_2016-03-23-18-42-25
Zone 1033 records in vehicles HashMap)
Zone 1033 records in vehicles HashMap)
Zone feed_vehicle (968 records): 1458758545_2016-03-23-18-42-25
Zone 1033 records in vehicles HashMap)
